<?xml version="1.0" encoding="UTF-8"?>
<!-- Generated by org.testng.reporters.JUnitReportReporter -->
<testsuite hostname="DESKTOP-RUD3NBQ" failures="0" tests="1" name="Response_validation.data_hiding" time="67.241" errors="0" timestamp="2023-05-23T13:52:23 IST" skipped="0">
  <testcase classname="Response_validation.data_hiding" name="validate1" time="67.241"/>
  <system-out/>
</testsuite> <!-- Response_validation.data_hiding -->
