<?xml version="1.0" encoding="UTF-8"?>
<!-- Generated by org.testng.reporters.JUnitReportReporter -->
<testsuite hostname="DESKTOP-RUD3NBQ" failures="0" tests="1" name="Response_validation.file_uplod_download" time="4.958" errors="0" timestamp="2023-05-24T12:56:40 IST" skipped="0">
  <testcase classname="Response_validation.file_uplod_download" name="m1" time="4.958"/>
  <system-out/>
</testsuite> <!-- Response_validation.file_uplod_download -->
