<?xml version="1.0" encoding="UTF-8"?>
<!-- Generated by org.testng.reporters.JUnitReportReporter -->
<testsuite hostname="DESKTOP-RUD3NBQ" failures="0" tests="2" name="Response_validation.validate_json_bodyData" time="131.871" errors="0" timestamp="2023-05-18T17:56:40 IST" skipped="0">
  <testcase classname="Response_validation.validate_json_bodyData" name="validate1" time="67.209"/>
  <system-out/>
  <testcase classname="Response_validation.validate_json_bodyData" name="validate" time="64.662"/>
  <system-out/>
</testsuite> <!-- Response_validation.validate_json_bodyData -->
