<?xml version="1.0" encoding="UTF-8"?>
<!-- Generated by org.testng.reporters.JUnitReportReporter -->
<testsuite hostname="DESKTOP-RUD3NBQ" failures="0" tests="1" name="Response_validation.Parsing_json_responseData" time="68.096" errors="0" timestamp="2023-05-18T16:49:00 IST" skipped="0">
  <testcase classname="Response_validation.Parsing_json_responseData" name="testjsonresponse" time="68.096"/>
  <system-out/>
</testsuite> <!-- Response_validation.Parsing_json_responseData -->
